<?xml version="1.0" encoding="UTF-8"?>
<testng-results ignored="0" total="6" passed="6" failed="0" skipped="0">
  <reporter-output>
  </reporter-output>
  <suite started-at="2024-01-29T17:00:29 IST" name="Suite" finished-at="2024-01-29T17:03:04 IST" duration-ms="155673">
    <groups>
    </groups>
    <test started-at="2024-01-29T17:00:29 IST" name="Chrome_Test" finished-at="2024-01-29T17:01:48 IST" duration-ms="79416">
      <class name="assi3.Luma_Booking3">
        <test-method is-config="true" signature="beforeSuite()[pri:0, instance:assi3.Luma_Booking3@5fb759d6]" started-at="2024-01-29T17:00:29 IST" name="beforeSuite" finished-at="2024-01-29T17:00:29 IST" duration-ms="18" status="PASS">
          <reporter-output>
          </reporter-output>
        </test-method> <!-- beforeSuite -->
        <test-method is-config="true" signature="beforeTest()[pri:0, instance:assi3.Luma_Booking3@5fb759d6]" started-at="2024-01-29T17:00:29 IST" name="beforeTest" finished-at="2024-01-29T17:00:29 IST" duration-ms="0" status="PASS">
          <reporter-output>
          </reporter-output>
        </test-method> <!-- beforeTest -->
        <test-method is-config="true" signature="beforeClass()[pri:0, instance:assi3.Luma_Booking3@5fb759d6]" started-at="2024-01-29T17:00:29 IST" name="beforeClass" finished-at="2024-01-29T17:00:29 IST" duration-ms="0" status="PASS">
          <reporter-output>
          </reporter-output>
        </test-method> <!-- beforeClass -->
        <test-method is-config="true" signature="beforeMethod(java.lang.String)[pri:0, instance:assi3.Luma_Booking3@5fb759d6]" started-at="2024-01-29T17:00:30 IST" name="beforeMethod" finished-at="2024-01-29T17:00:38 IST" duration-ms="8516" status="PASS">
          <params>
            <param index="0">
              <value>
                <![CDATA[chrome]]>
              </value>
            </param>
          </params>
          <reporter-output>
          </reporter-output>
        </test-method> <!-- beforeMethod -->
        <test-method signature="f(java.lang.String,java.lang.String)[pri:0, instance:assi3.Luma_Booking3@5fb759d6]" started-at="2024-01-29T17:00:38 IST" name="f" data-provider="dp" finished-at="2024-01-29T17:01:07 IST" duration-ms="28409" status="PASS">
          <params>
            <param index="0">
              <value>
                <![CDATA[Neha]]>
              </value>
            </param>
            <param index="1">
              <value>
                <![CDATA[Raut]]>
              </value>
            </param>
          </params>
          <reporter-output>
          </reporter-output>
        </test-method> <!-- f -->
        <test-method is-config="true" signature="afterMethod()[pri:0, instance:assi3.Luma_Booking3@5fb759d6]" started-at="2024-01-29T17:01:07 IST" name="afterMethod" finished-at="2024-01-29T17:01:07 IST" duration-ms="1" status="PASS">
          <reporter-output>
          </reporter-output>
        </test-method> <!-- afterMethod -->
        <test-method is-config="true" signature="beforeMethod(java.lang.String)[pri:0, instance:assi3.Luma_Booking3@5fb759d6]" started-at="2024-01-29T17:01:07 IST" name="beforeMethod" finished-at="2024-01-29T17:01:19 IST" duration-ms="12264" status="PASS">
          <params>
            <param index="0">
              <value>
                <![CDATA[chrome]]>
              </value>
            </param>
          </params>
          <reporter-output>
          </reporter-output>
        </test-method> <!-- beforeMethod -->
        <test-method signature="f(java.lang.String,java.lang.String)[pri:0, instance:assi3.Luma_Booking3@5fb759d6]" started-at="2024-01-29T17:01:19 IST" name="f" data-provider="dp" finished-at="2024-01-29T17:01:48 IST" duration-ms="29106" status="PASS">
          <params>
            <param index="0">
              <value>
                <![CDATA[Ira]]>
              </value>
            </param>
            <param index="1">
              <value>
                <![CDATA[Surve]]>
              </value>
            </param>
          </params>
          <reporter-output>
          </reporter-output>
        </test-method> <!-- f -->
        <test-method is-config="true" signature="afterMethod()[pri:0, instance:assi3.Luma_Booking3@5fb759d6]" started-at="2024-01-29T17:01:48 IST" name="afterMethod" finished-at="2024-01-29T17:01:48 IST" duration-ms="1" status="PASS">
          <reporter-output>
          </reporter-output>
        </test-method> <!-- afterMethod -->
        <test-method is-config="true" signature="afterClass()[pri:0, instance:assi3.Luma_Booking3@5fb759d6]" started-at="2024-01-29T17:01:48 IST" name="afterClass" finished-at="2024-01-29T17:01:48 IST" duration-ms="0" status="PASS">
          <reporter-output>
          </reporter-output>
        </test-method> <!-- afterClass -->
        <test-method is-config="true" signature="afterTest()[pri:0, instance:assi3.Luma_Booking3@5fb759d6]" started-at="2024-01-29T17:01:48 IST" name="afterTest" finished-at="2024-01-29T17:01:48 IST" duration-ms="1" status="PASS">
          <reporter-output>
          </reporter-output>
        </test-method> <!-- afterTest -->
        <test-method is-config="true" signature="afterSuite()[pri:0, instance:assi3.Luma_Booking3@5fb759d6]" started-at="2024-01-29T17:03:05 IST" name="afterSuite" finished-at="2024-01-29T17:03:05 IST" duration-ms="0" status="PASS">
          <reporter-output>
          </reporter-output>
        </test-method> <!-- afterSuite -->
      </class> <!-- assi3.Luma_Booking3 -->
    </test> <!-- Chrome_Test -->
    <test started-at="2024-01-29T17:00:29 IST" name="Edge_Test" finished-at="2024-01-29T17:01:52 IST" duration-ms="83627">
      <class name="assi3.Luma_Booking3">
        <test-method is-config="true" signature="beforeTest()[pri:0, instance:assi3.Luma_Booking3@7fd50002]" started-at="2024-01-29T17:00:29 IST" name="beforeTest" finished-at="2024-01-29T17:00:29 IST" duration-ms="1" status="PASS">
          <reporter-output>
          </reporter-output>
        </test-method> <!-- beforeTest -->
        <test-method is-config="true" signature="beforeClass()[pri:0, instance:assi3.Luma_Booking3@7fd50002]" started-at="2024-01-29T17:00:29 IST" name="beforeClass" finished-at="2024-01-29T17:00:29 IST" duration-ms="1" status="PASS">
          <reporter-output>
          </reporter-output>
        </test-method> <!-- beforeClass -->
        <test-method is-config="true" signature="beforeMethod(java.lang.String)[pri:0, instance:assi3.Luma_Booking3@7fd50002]" started-at="2024-01-29T17:00:30 IST" name="beforeMethod" finished-at="2024-01-29T17:00:41 IST" duration-ms="10871" status="PASS">
          <params>
            <param index="0">
              <value>
                <![CDATA[edge]]>
              </value>
            </param>
          </params>
          <reporter-output>
          </reporter-output>
        </test-method> <!-- beforeMethod -->
        <test-method signature="f(java.lang.String,java.lang.String)[pri:0, instance:assi3.Luma_Booking3@7fd50002]" started-at="2024-01-29T17:00:41 IST" name="f" data-provider="dp" finished-at="2024-01-29T17:01:09 IST" duration-ms="28097" status="PASS">
          <params>
            <param index="0">
              <value>
                <![CDATA[Neha]]>
              </value>
            </param>
            <param index="1">
              <value>
                <![CDATA[Raut]]>
              </value>
            </param>
          </params>
          <reporter-output>
          </reporter-output>
        </test-method> <!-- f -->
        <test-method is-config="true" signature="beforeMethod(java.lang.String)[pri:0, instance:assi3.Luma_Booking3@7fd50002]" started-at="2024-01-29T17:01:09 IST" name="beforeMethod" finished-at="2024-01-29T17:01:27 IST" duration-ms="17978" status="PASS">
          <params>
            <param index="0">
              <value>
                <![CDATA[edge]]>
              </value>
            </param>
          </params>
          <reporter-output>
          </reporter-output>
        </test-method> <!-- beforeMethod -->
        <test-method is-config="true" signature="afterMethod()[pri:0, instance:assi3.Luma_Booking3@7fd50002]" started-at="2024-01-29T17:01:09 IST" name="afterMethod" finished-at="2024-01-29T17:01:09 IST" duration-ms="0" status="PASS">
          <reporter-output>
          </reporter-output>
        </test-method> <!-- afterMethod -->
        <test-method signature="f(java.lang.String,java.lang.String)[pri:0, instance:assi3.Luma_Booking3@7fd50002]" started-at="2024-01-29T17:01:27 IST" name="f" data-provider="dp" finished-at="2024-01-29T17:01:52 IST" duration-ms="25571" status="PASS">
          <params>
            <param index="0">
              <value>
                <![CDATA[Ira]]>
              </value>
            </param>
            <param index="1">
              <value>
                <![CDATA[Surve]]>
              </value>
            </param>
          </params>
          <reporter-output>
          </reporter-output>
        </test-method> <!-- f -->
        <test-method is-config="true" signature="afterMethod()[pri:0, instance:assi3.Luma_Booking3@7fd50002]" started-at="2024-01-29T17:01:52 IST" name="afterMethod" finished-at="2024-01-29T17:01:52 IST" duration-ms="0" status="PASS">
          <reporter-output>
          </reporter-output>
        </test-method> <!-- afterMethod -->
        <test-method is-config="true" signature="afterTest()[pri:0, instance:assi3.Luma_Booking3@7fd50002]" started-at="2024-01-29T17:01:52 IST" name="afterTest" finished-at="2024-01-29T17:01:52 IST" duration-ms="1" status="PASS">
          <reporter-output>
          </reporter-output>
        </test-method> <!-- afterTest -->
        <test-method is-config="true" signature="afterClass()[pri:0, instance:assi3.Luma_Booking3@7fd50002]" started-at="2024-01-29T17:01:52 IST" name="afterClass" finished-at="2024-01-29T17:01:52 IST" duration-ms="0" status="PASS">
          <reporter-output>
          </reporter-output>
        </test-method> <!-- afterClass -->
      </class> <!-- assi3.Luma_Booking3 -->
    </test> <!-- Edge_Test -->
    <test started-at="2024-01-29T17:00:29 IST" name="Firefox_Test" finished-at="2024-01-29T17:03:04 IST" duration-ms="155673">
      <class name="assi3.Luma_Booking3">
        <test-method is-config="true" signature="beforeTest()[pri:0, instance:assi3.Luma_Booking3@5c7933ad]" started-at="2024-01-29T17:00:29 IST" name="beforeTest" finished-at="2024-01-29T17:00:29 IST" duration-ms="0" status="PASS">
          <reporter-output>
          </reporter-output>
        </test-method> <!-- beforeTest -->
        <test-method is-config="true" signature="beforeClass()[pri:0, instance:assi3.Luma_Booking3@5c7933ad]" started-at="2024-01-29T17:00:29 IST" name="beforeClass" finished-at="2024-01-29T17:00:29 IST" duration-ms="1" status="PASS">
          <reporter-output>
          </reporter-output>
        </test-method> <!-- beforeClass -->
        <test-method is-config="true" signature="beforeMethod(java.lang.String)[pri:0, instance:assi3.Luma_Booking3@5c7933ad]" started-at="2024-01-29T17:00:30 IST" name="beforeMethod" finished-at="2024-01-29T17:00:51 IST" duration-ms="21599" status="PASS">
          <params>
            <param index="0">
              <value>
                <![CDATA[firefox]]>
              </value>
            </param>
          </params>
          <reporter-output>
          </reporter-output>
        </test-method> <!-- beforeMethod -->
        <test-method signature="f(java.lang.String,java.lang.String)[pri:0, instance:assi3.Luma_Booking3@5c7933ad]" started-at="2024-01-29T17:00:52 IST" name="f" data-provider="dp" finished-at="2024-01-29T17:02:13 IST" duration-ms="81094" status="PASS">
          <params>
            <param index="0">
              <value>
                <![CDATA[Neha]]>
              </value>
            </param>
            <param index="1">
              <value>
                <![CDATA[Raut]]>
              </value>
            </param>
          </params>
          <reporter-output>
          </reporter-output>
        </test-method> <!-- f -->
        <test-method is-config="true" signature="afterMethod()[pri:0, instance:assi3.Luma_Booking3@5c7933ad]" started-at="2024-01-29T17:02:13 IST" name="afterMethod" finished-at="2024-01-29T17:02:13 IST" duration-ms="1" status="PASS">
          <reporter-output>
          </reporter-output>
        </test-method> <!-- afterMethod -->
        <test-method is-config="true" signature="beforeMethod(java.lang.String)[pri:0, instance:assi3.Luma_Booking3@5c7933ad]" started-at="2024-01-29T17:02:13 IST" name="beforeMethod" finished-at="2024-01-29T17:02:31 IST" duration-ms="18637" status="PASS">
          <params>
            <param index="0">
              <value>
                <![CDATA[firefox]]>
              </value>
            </param>
          </params>
          <reporter-output>
          </reporter-output>
        </test-method> <!-- beforeMethod -->
        <test-method signature="f(java.lang.String,java.lang.String)[pri:0, instance:assi3.Luma_Booking3@5c7933ad]" started-at="2024-01-29T17:02:31 IST" name="f" data-provider="dp" finished-at="2024-01-29T17:03:04 IST" duration-ms="33224" status="PASS">
          <params>
            <param index="0">
              <value>
                <![CDATA[Ira]]>
              </value>
            </param>
            <param index="1">
              <value>
                <![CDATA[Surve]]>
              </value>
            </param>
          </params>
          <reporter-output>
          </reporter-output>
        </test-method> <!-- f -->
        <test-method is-config="true" signature="afterMethod()[pri:0, instance:assi3.Luma_Booking3@5c7933ad]" started-at="2024-01-29T17:03:04 IST" name="afterMethod" finished-at="2024-01-29T17:03:04 IST" duration-ms="0" status="PASS">
          <reporter-output>
          </reporter-output>
        </test-method> <!-- afterMethod -->
        <test-method is-config="true" signature="afterClass()[pri:0, instance:assi3.Luma_Booking3@5c7933ad]" started-at="2024-01-29T17:03:04 IST" name="afterClass" finished-at="2024-01-29T17:03:04 IST" duration-ms="0" status="PASS">
          <reporter-output>
          </reporter-output>
        </test-method> <!-- afterClass -->
        <test-method is-config="true" signature="afterTest()[pri:0, instance:assi3.Luma_Booking3@5c7933ad]" started-at="2024-01-29T17:03:04 IST" name="afterTest" finished-at="2024-01-29T17:03:04 IST" duration-ms="1" status="PASS">
          <reporter-output>
          </reporter-output>
        </test-method> <!-- afterTest -->
      </class> <!-- assi3.Luma_Booking3 -->
    </test> <!-- Firefox_Test -->
  </suite> <!-- Suite -->
</testng-results>
