<?xml version="1.0" encoding="UTF-8"?>
<testng-results ignored="0" total="6" passed="6" failed="0" skipped="0">
  <reporter-output>
  </reporter-output>
  <suite started-at="2024-01-30T13:54:26 IST" name="Suite" finished-at="2024-01-30T13:58:33 IST" duration-ms="246323">
    <groups>
    </groups>
    <test started-at="2024-01-30T13:54:26 IST" name="Edge_Test" finished-at="2024-01-30T13:55:21 IST" duration-ms="54545">
      <class name="assi2.Luma_Booking2">
        <test-method is-config="true" signature="beforeTest()[pri:0, instance:assi2.Luma_Booking2@7fd50002]" started-at="2024-01-30T13:54:26 IST" name="beforeTest" finished-at="2024-01-30T13:54:26 IST" duration-ms="0" status="PASS">
          <reporter-output>
          </reporter-output>
        </test-method> <!-- beforeTest -->
        <test-method is-config="true" signature="beforeClass()[pri:0, instance:assi2.Luma_Booking2@7fd50002]" started-at="2024-01-30T13:54:26 IST" name="beforeClass" finished-at="2024-01-30T13:54:26 IST" duration-ms="0" status="PASS">
          <reporter-output>
          </reporter-output>
        </test-method> <!-- beforeClass -->
        <test-method is-config="true" signature="beforeMethod(java.lang.String)[pri:0, instance:assi2.Luma_Booking2@7fd50002]" started-at="2024-01-30T13:54:27 IST" name="beforeMethod" finished-at="2024-01-30T13:54:36 IST" duration-ms="8983" status="PASS">
          <params>
            <param index="0">
              <value>
                <![CDATA[edge]]>
              </value>
            </param>
          </params>
          <reporter-output>
          </reporter-output>
        </test-method> <!-- beforeMethod -->
        <test-method signature="f(java.lang.String,java.lang.String)[pri:0, instance:assi2.Luma_Booking2@7fd50002]" started-at="2024-01-30T13:54:36 IST" name="f" data-provider="dp" finished-at="2024-01-30T13:54:54 IST" duration-ms="17702" status="PASS">
          <params>
            <param index="0">
              <value>
                <![CDATA[omi123@gmail.com]]>
              </value>
            </param>
            <param index="1">
              <value>
                <![CDATA[omi123@18]]>
              </value>
            </param>
          </params>
          <reporter-output>
          </reporter-output>
        </test-method> <!-- f -->
        <test-method is-config="true" signature="afterMethod()[pri:0, instance:assi2.Luma_Booking2@7fd50002]" started-at="2024-01-30T13:54:54 IST" name="afterMethod" finished-at="2024-01-30T13:54:54 IST" duration-ms="0" status="PASS">
          <reporter-output>
          </reporter-output>
        </test-method> <!-- afterMethod -->
        <test-method is-config="true" signature="beforeMethod(java.lang.String)[pri:0, instance:assi2.Luma_Booking2@7fd50002]" started-at="2024-01-30T13:54:54 IST" name="beforeMethod" finished-at="2024-01-30T13:55:02 IST" duration-ms="8299" status="PASS">
          <params>
            <param index="0">
              <value>
                <![CDATA[edge]]>
              </value>
            </param>
          </params>
          <reporter-output>
          </reporter-output>
        </test-method> <!-- beforeMethod -->
        <test-method signature="f(java.lang.String,java.lang.String)[pri:0, instance:assi2.Luma_Booking2@7fd50002]" started-at="2024-01-30T13:55:02 IST" name="f" data-provider="dp" finished-at="2024-01-30T13:55:21 IST" duration-ms="18628" status="PASS">
          <params>
            <param index="0">
              <value>
                <![CDATA[neha123@gmail.com]]>
              </value>
            </param>
            <param index="1">
              <value>
                <![CDATA[tomcat@18]]>
              </value>
            </param>
          </params>
          <reporter-output>
          </reporter-output>
        </test-method> <!-- f -->
        <test-method is-config="true" signature="afterMethod()[pri:0, instance:assi2.Luma_Booking2@7fd50002]" started-at="2024-01-30T13:55:21 IST" name="afterMethod" finished-at="2024-01-30T13:55:21 IST" duration-ms="1" status="PASS">
          <reporter-output>
          </reporter-output>
        </test-method> <!-- afterMethod -->
        <test-method is-config="true" signature="afterClass()[pri:0, instance:assi2.Luma_Booking2@7fd50002]" started-at="2024-01-30T13:55:21 IST" name="afterClass" finished-at="2024-01-30T13:55:21 IST" duration-ms="1" status="PASS">
          <reporter-output>
          </reporter-output>
        </test-method> <!-- afterClass -->
        <test-method is-config="true" signature="afterTest()[pri:0, instance:assi2.Luma_Booking2@7fd50002]" started-at="2024-01-30T13:55:21 IST" name="afterTest" finished-at="2024-01-30T13:55:21 IST" duration-ms="0" status="PASS">
          <reporter-output>
          </reporter-output>
        </test-method> <!-- afterTest -->
      </class> <!-- assi2.Luma_Booking2 -->
    </test> <!-- Edge_Test -->
    <test started-at="2024-01-30T13:55:21 IST" name="Firefox_Test" finished-at="2024-01-30T13:57:36 IST" duration-ms="135006">
      <class name="assi2.Luma_Booking2">
        <test-method is-config="true" signature="beforeTest()[pri:0, instance:assi2.Luma_Booking2@5c7933ad]" started-at="2024-01-30T13:55:21 IST" name="beforeTest" finished-at="2024-01-30T13:55:21 IST" duration-ms="1" status="PASS">
          <reporter-output>
          </reporter-output>
        </test-method> <!-- beforeTest -->
        <test-method is-config="true" signature="beforeClass()[pri:0, instance:assi2.Luma_Booking2@5c7933ad]" started-at="2024-01-30T13:55:21 IST" name="beforeClass" finished-at="2024-01-30T13:55:21 IST" duration-ms="0" status="PASS">
          <reporter-output>
          </reporter-output>
        </test-method> <!-- beforeClass -->
        <test-method is-config="true" signature="beforeMethod(java.lang.String)[pri:0, instance:assi2.Luma_Booking2@5c7933ad]" started-at="2024-01-30T13:55:21 IST" name="beforeMethod" finished-at="2024-01-30T13:55:38 IST" duration-ms="17222" status="PASS">
          <params>
            <param index="0">
              <value>
                <![CDATA[firefox]]>
              </value>
            </param>
          </params>
          <reporter-output>
          </reporter-output>
        </test-method> <!-- beforeMethod -->
        <test-method signature="f(java.lang.String,java.lang.String)[pri:0, instance:assi2.Luma_Booking2@5c7933ad]" started-at="2024-01-30T13:55:38 IST" name="f" data-provider="dp" finished-at="2024-01-30T13:56:28 IST" duration-ms="50296" status="PASS">
          <params>
            <param index="0">
              <value>
                <![CDATA[omi123@gmail.com]]>
              </value>
            </param>
            <param index="1">
              <value>
                <![CDATA[omi123@18]]>
              </value>
            </param>
          </params>
          <reporter-output>
          </reporter-output>
        </test-method> <!-- f -->
        <test-method is-config="true" signature="afterMethod()[pri:0, instance:assi2.Luma_Booking2@5c7933ad]" started-at="2024-01-30T13:56:28 IST" name="afterMethod" finished-at="2024-01-30T13:56:28 IST" duration-ms="1" status="PASS">
          <reporter-output>
          </reporter-output>
        </test-method> <!-- afterMethod -->
        <test-method is-config="true" signature="beforeMethod(java.lang.String)[pri:0, instance:assi2.Luma_Booking2@5c7933ad]" started-at="2024-01-30T13:56:28 IST" name="beforeMethod" finished-at="2024-01-30T13:57:00 IST" duration-ms="31545" status="PASS">
          <params>
            <param index="0">
              <value>
                <![CDATA[firefox]]>
              </value>
            </param>
          </params>
          <reporter-output>
          </reporter-output>
        </test-method> <!-- beforeMethod -->
        <test-method signature="f(java.lang.String,java.lang.String)[pri:0, instance:assi2.Luma_Booking2@5c7933ad]" started-at="2024-01-30T13:57:00 IST" name="f" data-provider="dp" finished-at="2024-01-30T13:57:36 IST" duration-ms="35889" status="PASS">
          <params>
            <param index="0">
              <value>
                <![CDATA[neha123@gmail.com]]>
              </value>
            </param>
            <param index="1">
              <value>
                <![CDATA[tomcat@18]]>
              </value>
            </param>
          </params>
          <reporter-output>
          </reporter-output>
        </test-method> <!-- f -->
        <test-method is-config="true" signature="afterMethod()[pri:0, instance:assi2.Luma_Booking2@5c7933ad]" started-at="2024-01-30T13:57:36 IST" name="afterMethod" finished-at="2024-01-30T13:57:36 IST" duration-ms="1" status="PASS">
          <reporter-output>
          </reporter-output>
        </test-method> <!-- afterMethod -->
        <test-method is-config="true" signature="afterClass()[pri:0, instance:assi2.Luma_Booking2@5c7933ad]" started-at="2024-01-30T13:57:36 IST" name="afterClass" finished-at="2024-01-30T13:57:36 IST" duration-ms="0" status="PASS">
          <reporter-output>
          </reporter-output>
        </test-method> <!-- afterClass -->
        <test-method is-config="true" signature="afterTest()[pri:0, instance:assi2.Luma_Booking2@5c7933ad]" started-at="2024-01-30T13:57:36 IST" name="afterTest" finished-at="2024-01-30T13:57:36 IST" duration-ms="0" status="PASS">
          <reporter-output>
          </reporter-output>
        </test-method> <!-- afterTest -->
      </class> <!-- assi2.Luma_Booking2 -->
    </test> <!-- Firefox_Test -->
    <test started-at="2024-01-30T13:57:36 IST" name="Chrome_Test" finished-at="2024-01-30T13:58:33 IST" duration-ms="56674">
      <class name="assi2.Luma_Booking2">
        <test-method is-config="true" signature="beforeSuite()[pri:0, instance:assi2.Luma_Booking2@5fb759d6]" started-at="2024-01-30T13:54:26 IST" name="beforeSuite" finished-at="2024-01-30T13:54:26 IST" duration-ms="17" status="PASS">
          <reporter-output>
          </reporter-output>
        </test-method> <!-- beforeSuite -->
        <test-method is-config="true" signature="beforeTest()[pri:0, instance:assi2.Luma_Booking2@5fb759d6]" started-at="2024-01-30T13:57:36 IST" name="beforeTest" finished-at="2024-01-30T13:57:36 IST" duration-ms="0" status="PASS">
          <reporter-output>
          </reporter-output>
        </test-method> <!-- beforeTest -->
        <test-method is-config="true" signature="beforeClass()[pri:0, instance:assi2.Luma_Booking2@5fb759d6]" started-at="2024-01-30T13:57:36 IST" name="beforeClass" finished-at="2024-01-30T13:57:36 IST" duration-ms="0" status="PASS">
          <reporter-output>
          </reporter-output>
        </test-method> <!-- beforeClass -->
        <test-method is-config="true" signature="beforeMethod(java.lang.String)[pri:0, instance:assi2.Luma_Booking2@5fb759d6]" started-at="2024-01-30T13:57:36 IST" name="beforeMethod" finished-at="2024-01-30T13:57:48 IST" duration-ms="11706" status="PASS">
          <params>
            <param index="0">
              <value>
                <![CDATA[chrome]]>
              </value>
            </param>
          </params>
          <reporter-output>
          </reporter-output>
        </test-method> <!-- beforeMethod -->
        <test-method signature="f(java.lang.String,java.lang.String)[pri:0, instance:assi2.Luma_Booking2@5fb759d6]" started-at="2024-01-30T13:57:48 IST" name="f" data-provider="dp" finished-at="2024-01-30T13:58:05 IST" duration-ms="17264" status="PASS">
          <params>
            <param index="0">
              <value>
                <![CDATA[omi123@gmail.com]]>
              </value>
            </param>
            <param index="1">
              <value>
                <![CDATA[omi123@18]]>
              </value>
            </param>
          </params>
          <reporter-output>
          </reporter-output>
        </test-method> <!-- f -->
        <test-method is-config="true" signature="afterMethod()[pri:0, instance:assi2.Luma_Booking2@5fb759d6]" started-at="2024-01-30T13:58:05 IST" name="afterMethod" finished-at="2024-01-30T13:58:05 IST" duration-ms="0" status="PASS">
          <reporter-output>
          </reporter-output>
        </test-method> <!-- afterMethod -->
        <test-method is-config="true" signature="beforeMethod(java.lang.String)[pri:0, instance:assi2.Luma_Booking2@5fb759d6]" started-at="2024-01-30T13:58:05 IST" name="beforeMethod" finished-at="2024-01-30T13:58:14 IST" duration-ms="8893" status="PASS">
          <params>
            <param index="0">
              <value>
                <![CDATA[chrome]]>
              </value>
            </param>
          </params>
          <reporter-output>
          </reporter-output>
        </test-method> <!-- beforeMethod -->
        <test-method signature="f(java.lang.String,java.lang.String)[pri:0, instance:assi2.Luma_Booking2@5fb759d6]" started-at="2024-01-30T13:58:14 IST" name="f" data-provider="dp" finished-at="2024-01-30T13:58:33 IST" duration-ms="18748" status="PASS">
          <params>
            <param index="0">
              <value>
                <![CDATA[neha123@gmail.com]]>
              </value>
            </param>
            <param index="1">
              <value>
                <![CDATA[tomcat@18]]>
              </value>
            </param>
          </params>
          <reporter-output>
          </reporter-output>
        </test-method> <!-- f -->
        <test-method is-config="true" signature="afterMethod()[pri:0, instance:assi2.Luma_Booking2@5fb759d6]" started-at="2024-01-30T13:58:33 IST" name="afterMethod" finished-at="2024-01-30T13:58:33 IST" duration-ms="0" status="PASS">
          <reporter-output>
          </reporter-output>
        </test-method> <!-- afterMethod -->
        <test-method is-config="true" signature="afterClass()[pri:0, instance:assi2.Luma_Booking2@5fb759d6]" started-at="2024-01-30T13:58:33 IST" name="afterClass" finished-at="2024-01-30T13:58:33 IST" duration-ms="0" status="PASS">
          <reporter-output>
          </reporter-output>
        </test-method> <!-- afterClass -->
        <test-method is-config="true" signature="afterTest()[pri:0, instance:assi2.Luma_Booking2@5fb759d6]" started-at="2024-01-30T13:58:33 IST" name="afterTest" finished-at="2024-01-30T13:58:33 IST" duration-ms="0" status="PASS">
          <reporter-output>
          </reporter-output>
        </test-method> <!-- afterTest -->
        <test-method is-config="true" signature="afterSuite()[pri:0, instance:assi2.Luma_Booking2@5fb759d6]" started-at="2024-01-30T13:58:33 IST" name="afterSuite" finished-at="2024-01-30T13:58:33 IST" duration-ms="0" status="PASS">
          <reporter-output>
          </reporter-output>
        </test-method> <!-- afterSuite -->
      </class> <!-- assi2.Luma_Booking2 -->
    </test> <!-- Chrome_Test -->
  </suite> <!-- Suite -->
</testng-results>
